build/app/intermediates/manifest_merge_blame_file/release/manifest-merger-blame-release-report.txt
1<?xml version="1.0" encoding="utf-8"?>
2<manifest xmlns:android="http://schemas.android.com/apk/res/android"
3    package="com.example.tentwenty_test"
4    android:versionCode="1"
5    android:versionName="1.0.0" >
6
7    <uses-sdk
8        android:minSdkVersion="21"
8-->src/main/AndroidManifest.xml
9        android:targetSdkVersion="34" />
9-->src/main/AndroidManifest.xml
10
11    <uses-permission android:name="android.permission.INTERNET" />
11-->src/main/AndroidManifest.xml:2:5-66
11-->src/main/AndroidManifest.xml:2:22-64
12    <!--
13         Required to query activities that can process text, see:
14         https://developer.android.com/training/package-visibility and
15         https://developer.android.com/reference/android/content/Intent#ACTION_PROCESS_TEXT.
16
17         In particular, this is used by the Flutter engine in io.flutter.plugin.text.ProcessTextPlugin.
18    -->
19    <queries>
19-->src/main/AndroidManifest.xml:42:5-47:15
20        <intent>
20-->src/main/AndroidManifest.xml:43:9-46:18
21            <action android:name="android.intent.action.PROCESS_TEXT" />
21-->src/main/AndroidManifest.xml:44:13-72
21-->src/main/AndroidManifest.xml:44:21-70
22
23            <data android:mimeType="text/plain" />
23-->src/main/AndroidManifest.xml:45:13-50
23-->src/main/AndroidManifest.xml:45:19-48
24        </intent>
25        <intent>
25-->[:flutter_inappwebview_android] AndroidManifest.xml:10:9-12:18
26            <action android:name="android.support.customtabs.action.CustomTabsService" />
26-->[:flutter_inappwebview_android] AndroidManifest.xml:11:13-90
26-->[:flutter_inappwebview_android] AndroidManifest.xml:11:21-87
27        </intent>
28    </queries>
29
30    <uses-permission android:name="android.permission.ACCESS_NETWORK_STATE" />
30-->[:connectivity_plus] AndroidManifest.xml:9:5-79
30-->[:connectivity_plus] AndroidManifest.xml:9:22-76
31
32    <permission
32-->[androidx.core:core:1.13.1] AndroidManifest.xml:22:5-24:47
33        android:name="com.example.tentwenty_test.DYNAMIC_RECEIVER_NOT_EXPORTED_PERMISSION"
33-->[androidx.core:core:1.13.1] AndroidManifest.xml:23:9-81
34        android:protectionLevel="signature" />
34-->[androidx.core:core:1.13.1] AndroidManifest.xml:24:9-44
35
36    <uses-permission android:name="com.example.tentwenty_test.DYNAMIC_RECEIVER_NOT_EXPORTED_PERMISSION" /> <!-- Add this -->
36-->[androidx.core:core:1.13.1] AndroidManifest.xml:26:5-97
36-->[androidx.core:core:1.13.1] AndroidManifest.xml:26:22-94
37    <application
38        android:name="android.app.Application"
38-->src/main/AndroidManifest.xml:7:9-42
39        android:appComponentFactory="androidx.core.app.CoreComponentFactory"
39-->[androidx.core:core:1.13.1] AndroidManifest.xml:28:18-86
40        android:icon="@mipmap/ic_launcher"
40-->src/main/AndroidManifest.xml:8:9-43
41        android:label="tentwenty_test" >
41-->src/main/AndroidManifest.xml:6:9-39
42        <activity
42-->src/main/AndroidManifest.xml:9:9-30:20
43            android:name="com.example.tentwenty_test.MainActivity"
43-->src/main/AndroidManifest.xml:10:13-41
44            android:configChanges="orientation|keyboardHidden|keyboard|screenSize|smallestScreenSize|locale|layoutDirection|fontScale|screenLayout|density|uiMode"
44-->src/main/AndroidManifest.xml:15:13-163
45            android:exported="true"
45-->src/main/AndroidManifest.xml:11:13-36
46            android:hardwareAccelerated="true"
46-->src/main/AndroidManifest.xml:16:13-47
47            android:launchMode="singleTop"
47-->src/main/AndroidManifest.xml:12:13-43
48            android:taskAffinity=""
48-->src/main/AndroidManifest.xml:13:13-36
49            android:theme="@style/LaunchTheme"
49-->src/main/AndroidManifest.xml:14:13-47
50            android:windowSoftInputMode="adjustResize" >
50-->src/main/AndroidManifest.xml:17:13-55
51
52            <!--
53                 Specifies an Android theme to apply to this Activity as soon as
54                 the Android process has started. This theme is visible to the user
55                 while the Flutter UI initializes. After that, this theme continues
56                 to determine the Window background behind the Flutter UI.
57            -->
58            <meta-data
58-->src/main/AndroidManifest.xml:22:13-25:17
59                android:name="io.flutter.embedding.android.NormalTheme"
59-->src/main/AndroidManifest.xml:23:15-70
60                android:resource="@style/NormalTheme" />
60-->src/main/AndroidManifest.xml:24:15-52
61
62            <intent-filter>
62-->src/main/AndroidManifest.xml:26:13-29:29
63                <action android:name="android.intent.action.MAIN" />
63-->src/main/AndroidManifest.xml:27:17-68
63-->src/main/AndroidManifest.xml:27:25-66
64
65                <category android:name="android.intent.category.LAUNCHER" />
65-->src/main/AndroidManifest.xml:28:17-76
65-->src/main/AndroidManifest.xml:28:27-74
66            </intent-filter>
67        </activity>
68        <!--
69             Don't delete the meta-data below.
70             This is used by the Flutter tool to generate GeneratedPluginRegistrant.java
71        -->
72        <meta-data
72-->src/main/AndroidManifest.xml:33:9-35:33
73            android:name="flutterEmbedding"
73-->src/main/AndroidManifest.xml:34:13-44
74            android:value="2" />
74-->src/main/AndroidManifest.xml:35:13-30
75
76        <activity
76-->[:flutter_inappwebview_android] AndroidManifest.xml:16:9-20:47
77            android:name="com.pichillilorenzo.flutter_inappwebview_android.in_app_browser.InAppBrowserActivity"
77-->[:flutter_inappwebview_android] AndroidManifest.xml:17:13-112
78            android:configChanges="orientation|keyboardHidden|keyboard|screenSize|locale|layoutDirection|fontScale|screenLayout|density"
78-->[:flutter_inappwebview_android] AndroidManifest.xml:18:13-137
79            android:exported="false"
79-->[:flutter_inappwebview_android] AndroidManifest.xml:19:13-37
80            android:theme="@style/AppTheme" />
80-->[:flutter_inappwebview_android] AndroidManifest.xml:20:13-44
81        <activity
81-->[:flutter_inappwebview_android] AndroidManifest.xml:21:9-24:55
82            android:name="com.pichillilorenzo.flutter_inappwebview_android.chrome_custom_tabs.ChromeCustomTabsActivity"
82-->[:flutter_inappwebview_android] AndroidManifest.xml:22:13-120
83            android:exported="false"
83-->[:flutter_inappwebview_android] AndroidManifest.xml:23:13-37
84            android:theme="@style/ThemeTransparent" />
84-->[:flutter_inappwebview_android] AndroidManifest.xml:24:13-52
85        <activity
85-->[:flutter_inappwebview_android] AndroidManifest.xml:25:9-28:55
86            android:name="com.pichillilorenzo.flutter_inappwebview_android.chrome_custom_tabs.TrustedWebActivity"
86-->[:flutter_inappwebview_android] AndroidManifest.xml:26:13-114
87            android:exported="false"
87-->[:flutter_inappwebview_android] AndroidManifest.xml:27:13-37
88            android:theme="@style/ThemeTransparent" />
88-->[:flutter_inappwebview_android] AndroidManifest.xml:28:13-52
89        <activity
89-->[:flutter_inappwebview_android] AndroidManifest.xml:29:9-33:55
90            android:name="com.pichillilorenzo.flutter_inappwebview_android.chrome_custom_tabs.ChromeCustomTabsActivitySingleInstance"
90-->[:flutter_inappwebview_android] AndroidManifest.xml:30:13-134
91            android:exported="false"
91-->[:flutter_inappwebview_android] AndroidManifest.xml:31:13-37
92            android:launchMode="singleInstance"
92-->[:flutter_inappwebview_android] AndroidManifest.xml:32:13-48
93            android:theme="@style/ThemeTransparent" />
93-->[:flutter_inappwebview_android] AndroidManifest.xml:33:13-52
94        <activity
94-->[:flutter_inappwebview_android] AndroidManifest.xml:34:9-38:55
95            android:name="com.pichillilorenzo.flutter_inappwebview_android.chrome_custom_tabs.TrustedWebActivitySingleInstance"
95-->[:flutter_inappwebview_android] AndroidManifest.xml:35:13-128
96            android:exported="false"
96-->[:flutter_inappwebview_android] AndroidManifest.xml:36:13-37
97            android:launchMode="singleInstance"
97-->[:flutter_inappwebview_android] AndroidManifest.xml:37:13-48
98            android:theme="@style/ThemeTransparent" />
98-->[:flutter_inappwebview_android] AndroidManifest.xml:38:13-52
99
100        <receiver
100-->[:flutter_inappwebview_android] AndroidManifest.xml:40:9-43:40
101            android:name="com.pichillilorenzo.flutter_inappwebview_android.chrome_custom_tabs.ActionBroadcastReceiver"
101-->[:flutter_inappwebview_android] AndroidManifest.xml:41:13-119
102            android:enabled="true"
102-->[:flutter_inappwebview_android] AndroidManifest.xml:42:13-35
103            android:exported="false" />
103-->[:flutter_inappwebview_android] AndroidManifest.xml:43:13-37
104
105        <meta-data
105-->[:flutter_inappwebview_android] AndroidManifest.xml:45:9-47:36
106            android:name="io.flutter.embedded_views_preview"
106-->[:flutter_inappwebview_android] AndroidManifest.xml:46:13-61
107            android:value="true" />
107-->[:flutter_inappwebview_android] AndroidManifest.xml:47:13-33
108
109        <uses-library
109-->[androidx.window:window:1.2.0] AndroidManifest.xml:23:9-25:40
110            android:name="androidx.window.extensions"
110-->[androidx.window:window:1.2.0] AndroidManifest.xml:24:13-54
111            android:required="false" />
111-->[androidx.window:window:1.2.0] AndroidManifest.xml:25:13-37
112        <uses-library
112-->[androidx.window:window:1.2.0] AndroidManifest.xml:26:9-28:40
113            android:name="androidx.window.sidecar"
113-->[androidx.window:window:1.2.0] AndroidManifest.xml:27:13-51
114            android:required="false" />
114-->[androidx.window:window:1.2.0] AndroidManifest.xml:28:13-37
115
116        <provider
116-->[androidx.emoji2:emoji2:1.2.0] AndroidManifest.xml:24:9-32:20
117            android:name="androidx.startup.InitializationProvider"
117-->[androidx.emoji2:emoji2:1.2.0] AndroidManifest.xml:25:13-67
118            android:authorities="com.example.tentwenty_test.androidx-startup"
118-->[androidx.emoji2:emoji2:1.2.0] AndroidManifest.xml:26:13-68
119            android:exported="false" >
119-->[androidx.emoji2:emoji2:1.2.0] AndroidManifest.xml:27:13-37
120            <meta-data
120-->[androidx.emoji2:emoji2:1.2.0] AndroidManifest.xml:29:13-31:52
121                android:name="androidx.emoji2.text.EmojiCompatInitializer"
121-->[androidx.emoji2:emoji2:1.2.0] AndroidManifest.xml:30:17-75
122                android:value="androidx.startup" />
122-->[androidx.emoji2:emoji2:1.2.0] AndroidManifest.xml:31:17-49
123            <meta-data
123-->[androidx.lifecycle:lifecycle-process:2.7.0] AndroidManifest.xml:29:13-31:52
124                android:name="androidx.lifecycle.ProcessLifecycleInitializer"
124-->[androidx.lifecycle:lifecycle-process:2.7.0] AndroidManifest.xml:30:17-78
125                android:value="androidx.startup" />
125-->[androidx.lifecycle:lifecycle-process:2.7.0] AndroidManifest.xml:31:17-49
126            <meta-data
126-->[androidx.profileinstaller:profileinstaller:1.3.1] AndroidManifest.xml:29:13-31:52
127                android:name="androidx.profileinstaller.ProfileInstallerInitializer"
127-->[androidx.profileinstaller:profileinstaller:1.3.1] AndroidManifest.xml:30:17-85
128                android:value="androidx.startup" />
128-->[androidx.profileinstaller:profileinstaller:1.3.1] AndroidManifest.xml:31:17-49
129        </provider>
130
131        <receiver
131-->[androidx.profileinstaller:profileinstaller:1.3.1] AndroidManifest.xml:34:9-52:20
132            android:name="androidx.profileinstaller.ProfileInstallReceiver"
132-->[androidx.profileinstaller:profileinstaller:1.3.1] AndroidManifest.xml:35:13-76
133            android:directBootAware="false"
133-->[androidx.profileinstaller:profileinstaller:1.3.1] AndroidManifest.xml:36:13-44
134            android:enabled="true"
134-->[androidx.profileinstaller:profileinstaller:1.3.1] AndroidManifest.xml:37:13-35
135            android:exported="true"
135-->[androidx.profileinstaller:profileinstaller:1.3.1] AndroidManifest.xml:38:13-36
136            android:permission="android.permission.DUMP" >
136-->[androidx.profileinstaller:profileinstaller:1.3.1] AndroidManifest.xml:39:13-57
137            <intent-filter>
137-->[androidx.profileinstaller:profileinstaller:1.3.1] AndroidManifest.xml:40:13-42:29
138                <action android:name="androidx.profileinstaller.action.INSTALL_PROFILE" />
138-->[androidx.profileinstaller:profileinstaller:1.3.1] AndroidManifest.xml:41:17-91
138-->[androidx.profileinstaller:profileinstaller:1.3.1] AndroidManifest.xml:41:25-88
139            </intent-filter>
140            <intent-filter>
140-->[androidx.profileinstaller:profileinstaller:1.3.1] AndroidManifest.xml:43:13-45:29
141                <action android:name="androidx.profileinstaller.action.SKIP_FILE" />
141-->[androidx.profileinstaller:profileinstaller:1.3.1] AndroidManifest.xml:44:17-85
141-->[androidx.profileinstaller:profileinstaller:1.3.1] AndroidManifest.xml:44:25-82
142            </intent-filter>
143            <intent-filter>
143-->[androidx.profileinstaller:profileinstaller:1.3.1] AndroidManifest.xml:46:13-48:29
144                <action android:name="androidx.profileinstaller.action.SAVE_PROFILE" />
144-->[androidx.profileinstaller:profileinstaller:1.3.1] AndroidManifest.xml:47:17-88
144-->[androidx.profileinstaller:profileinstaller:1.3.1] AndroidManifest.xml:47:25-85
145            </intent-filter>
146            <intent-filter>
146-->[androidx.profileinstaller:profileinstaller:1.3.1] AndroidManifest.xml:49:13-51:29
147                <action android:name="androidx.profileinstaller.action.BENCHMARK_OPERATION" />
147-->[androidx.profileinstaller:profileinstaller:1.3.1] AndroidManifest.xml:50:17-95
147-->[androidx.profileinstaller:profileinstaller:1.3.1] AndroidManifest.xml:50:25-92
148            </intent-filter>
149        </receiver>
150    </application>
151
152</manifest>